WARNING:py.warnings:/Users/karsenwahal/miniconda3/envs/CS229/lib/python3.9/site-packages/scalecast/Forecaster.py:199: FutureWarning: The default dtype for empty Series will be 'object' instead of 'float64' in a future version. Specify a dtype explicitly to silence this warning.
  self.future_dates = pd.Series([])

WARNING:py.warnings:/Users/karsenwahal/miniconda3/envs/CS229/lib/python3.9/site-packages/scalecast/Forecaster.py:199: FutureWarning: The default dtype for empty Series will be 'object' instead of 'float64' in a future version. Specify a dtype explicitly to silence this warning.
  self.future_dates = pd.Series([])

WARNING:py.warnings:/Users/karsenwahal/miniconda3/envs/CS229/lib/python3.9/site-packages/scalecast/Forecaster.py:199: FutureWarning: The default dtype for empty Series will be 'object' instead of 'float64' in a future version. Specify a dtype explicitly to silence this warning.
  self.future_dates = pd.Series([])

WARNING:py.warnings:/Users/karsenwahal/miniconda3/envs/CS229/lib/python3.9/site-packages/scalecast/Forecaster.py:199: FutureWarning: The default dtype for empty Series will be 'object' instead of 'float64' in a future version. Specify a dtype explicitly to silence this warning.
  self.future_dates = pd.Series([])

WARNING:py.warnings:/Users/karsenwahal/miniconda3/envs/CS229/lib/python3.9/site-packages/scalecast/Forecaster.py:199: FutureWarning: The default dtype for empty Series will be 'object' instead of 'float64' in a future version. Specify a dtype explicitly to silence this warning.
  self.future_dates = pd.Series([])

WARNING:py.warnings:/Users/karsenwahal/miniconda3/envs/CS229/lib/python3.9/site-packages/scalecast/Forecaster.py:199: FutureWarning: The default dtype for empty Series will be 'object' instead of 'float64' in a future version. Specify a dtype explicitly to silence this warning.
  self.future_dates = pd.Series([])

WARNING:py.warnings:/Users/karsenwahal/miniconda3/envs/CS229/lib/python3.9/site-packages/scalecast/Forecaster.py:199: FutureWarning: The default dtype for empty Series will be 'object' instead of 'float64' in a future version. Specify a dtype explicitly to silence this warning.
  self.future_dates = pd.Series([])

WARNING:py.warnings:/Users/karsenwahal/miniconda3/envs/CS229/lib/python3.9/site-packages/scalecast/Forecaster.py:199: FutureWarning: The default dtype for empty Series will be 'object' instead of 'float64' in a future version. Specify a dtype explicitly to silence this warning.
  self.future_dates = pd.Series([])

WARNING:py.warnings:/Users/karsenwahal/miniconda3/envs/CS229/lib/python3.9/site-packages/scalecast/Forecaster.py:199: FutureWarning: The default dtype for empty Series will be 'object' instead of 'float64' in a future version. Specify a dtype explicitly to silence this warning.
  self.future_dates = pd.Series([])

WARNING:py.warnings:/Users/karsenwahal/miniconda3/envs/CS229/lib/python3.9/site-packages/scalecast/Forecaster.py:199: FutureWarning: The default dtype for empty Series will be 'object' instead of 'float64' in a future version. Specify a dtype explicitly to silence this warning.
  self.future_dates = pd.Series([])

WARNING:py.warnings:/Users/karsenwahal/miniconda3/envs/CS229/lib/python3.9/site-packages/scalecast/Forecaster.py:199: FutureWarning: The default dtype for empty Series will be 'object' instead of 'float64' in a future version. Specify a dtype explicitly to silence this warning.
  self.future_dates = pd.Series([])

WARNING:py.warnings:/Users/karsenwahal/miniconda3/envs/CS229/lib/python3.9/site-packages/scalecast/Forecaster.py:199: FutureWarning: The default dtype for empty Series will be 'object' instead of 'float64' in a future version. Specify a dtype explicitly to silence this warning.
  self.future_dates = pd.Series([])

WARNING:root:module 'sre_constants' is deprecated
WARNING:root:module 'sre_constants' is deprecated
WARNING:root:module 'sre_constants' is deprecated
WARNING:root:module 'sre_constants' is deprecated
WARNING:root:module 'sre_constants' is deprecated
WARNING:root:module 'sre_constants' is deprecated
WARNING:root:module 'sre_constants' is deprecated
WARNING:root:module 'sre_constants' is deprecated
WARNING:root:module 'sre_constants' is deprecated
WARNING:root:module 'sre_constants' is deprecated
WARNING:root:module 'sre_constants' is deprecated
WARNING:root:module 'sre_constants' is deprecated
WARNING:root:module 'sre_constants' is deprecated
WARNING:root:module 'sre_constants' is deprecated
WARNING:root:module 'sre_constants' is deprecated
WARNING:root:module 'sre_constants' is deprecated
WARNING:root:module 'sre_constants' is deprecated
WARNING:root:module 'sre_constants' is deprecated
<<<<<<< HEAD
WARNING:root:the imp module is deprecated in favour of importlib; see the module's documentation for alternative uses
=======
WARNING:root:module 'sre_constants' is deprecated
WARNING:root:module 'sre_constants' is deprecated
WARNING:root:module 'sre_constants' is deprecated
WARNING:root:module 'sre_constants' is deprecated
WARNING:root:module 'sre_constants' is deprecated
>>>>>>> d0a787b7e115e975477fc302830d9cb5d971e8ab
WARNING:root:the imp module is deprecated in favour of importlib; see the module's documentation for alternative uses
WARNING:root:the imp module is deprecated in favour of importlib; see the module's documentation for alternative uses
WARNING:root:module 'sre_constants' is deprecated
WARNING:root:module 'sre_constants' is deprecated
WARNING:root:module 'sre_constants' is deprecated
WARNING:root:module 'sre_constants' is deprecated
WARNING:root:module 'sre_constants' is deprecated
WARNING:root:module 'sre_constants' is deprecated
WARNING:root:module 'sre_constants' is deprecated
WARNING:root:module 'sre_constants' is deprecated
WARNING:root:module 'sre_constants' is deprecated
WARNING:root:module 'sre_constants' is deprecated
WARNING:root:module 'sre_constants' is deprecated
WARNING:root:module 'sre_constants' is deprecated
WARNING:root:module 'sre_constants' is deprecated
WARNING:root:module 'sre_constants' is deprecated
WARNING:root:module 'sre_constants' is deprecated
WARNING:root:module 'sre_constants' is deprecated
WARNING:root:module 'sre_constants' is deprecated
WARNING:root:module 'sre_constants' is deprecated
WARNING:root:module 'sre_constants' is deprecated
WARNING:root:module 'sre_constants' is deprecated
WARNING:root:module 'sre_constants' is deprecated
WARNING:root:module 'sre_constants' is deprecated
WARNING:root:module 'sre_constants' is deprecated
WARNING:root:module 'sre_constants' is deprecated
WARNING:root:module 'sre_constants' is deprecated
WARNING:root:module 'sre_constants' is deprecated
WARNING:root:module 'sre_constants' is deprecated
WARNING:root:module 'sre_constants' is deprecated
WARNING:root:module 'sre_constants' is deprecated
WARNING:root:module 'sre_constants' is deprecated
WARNING:root:module 'sre_constants' is deprecated
WARNING:root:module 'sre_constants' is deprecated
WARNING:root:module 'sre_constants' is deprecated
WARNING:root:module 'sre_constants' is deprecated
WARNING:root:module 'sre_constants' is deprecated
WARNING:root:module 'sre_constants' is deprecated
WARNING:root:module 'sre_constants' is deprecated
WARNING:root:module 'sre_constants' is deprecated
WARNING:root:module 'sre_constants' is deprecated
WARNING:root:module 'sre_constants' is deprecated
WARNING:root:module 'sre_constants' is deprecated
WARNING:root:module 'sre_constants' is deprecated
WARNING:root:module 'sre_constants' is deprecated
WARNING:root:module 'sre_constants' is deprecated
WARNING:root:module 'sre_constants' is deprecated
WARNING:root:module 'sre_constants' is deprecated
WARNING:root:module 'sre_constants' is deprecated
WARNING:root:module 'sre_constants' is deprecated
WARNING:root:module 'sre_constants' is deprecated
WARNING:root:module 'sre_constants' is deprecated
WARNING:root:module 'sre_constants' is deprecated
